TN:
SF:/Users/richard/Projects/seneca/mem-store/dist/mem-store.js
DA:1,1
DA:2,1
DA:3,0
DA:4,0
DA:5,0
DA:6,0
DA:7,0
DA:8,0
DA:9,0
DA:10,0
DA:11,0
DA:12,0
DA:13,0
DA:14,0
DA:15,0
DA:16,0
DA:17,0
DA:18,0
DA:19,0
DA:20,0
DA:21,1
DA:22,0
DA:23,0
DA:24,1
DA:25,1
DA:26,1
DA:27,1
DA:28,1
DA:29,1
DA:30,1
DA:31,1
DA:32,1
DA:33,1
DA:34,1
DA:35,1
DA:36,1
DA:37,4
DA:38,4
DA:39,1
DA:40,4
DA:41,1
DA:42,1
DA:43,1
DA:44,1
DA:45,1
DA:46,1
DA:47,1
DA:48,1
DA:49,1
DA:50,1
DA:51,4
DA:52,1
DA:53,1
DA:54,1
DA:55,4
DA:56,1
DA:57,1
DA:58,4
DA:59,1
DA:60,1
DA:61,1
DA:62,1
DA:63,1
DA:64,1
DA:65,1
DA:66,206
DA:67,1
DA:68,1
DA:69,1
DA:70,206
DA:71,206
DA:72,206
DA:73,206
DA:74,1
DA:75,1
DA:76,1
DA:77,206
DA:78,183
DA:79,1
DA:80,1
DA:81,23
DA:82,1
DA:83,1
DA:84,1
DA:85,1
DA:86,206
DA:87,206
DA:88,183
DA:89,1
DA:90,206
DA:91,206
DA:92,206
DA:93,206
DA:94,0
DA:95,0
DA:96,1
DA:97,206
DA:98,206
DA:99,1
DA:100,1
DA:101,206
DA:102,4
DA:103,1
DA:104,206
DA:105,206
DA:106,201
DA:107,1
DA:108,206
DA:109,0
DA:110,0
DA:111,1
DA:112,206
DA:113,206
DA:114,6
DA:115,6
DA:116,1
DA:117,200
DA:118,200
DA:119,0
DA:120,0
DA:121,1
DA:122,1
DA:123,1
DA:124,0
DA:125,1
DA:126,200
DA:127,1
DA:128,1
DA:129,1
DA:130,1
DA:131,206
DA:132,206
DA:133,15
DA:134,15
DA:135,0
DA:136,0
DA:137,1
DA:138,0
DA:139,0
DA:140,1
DA:141,13
DA:142,13
DA:143,13
DA:144,13
DA:145,1
DA:146,1
DA:147,1
DA:148,1
DA:149,13
DA:150,7
DA:151,1
DA:152,6
DA:153,1
DA:154,1
DA:155,0
DA:156,0
DA:157,1
DA:158,6
DA:159,1
DA:160,1
DA:161,1
DA:162,1
DA:163,1
DA:164,1
DA:165,2
DA:166,1
DA:167,1
DA:168,1
DA:169,191
DA:170,1
DA:171,1
DA:172,1
DA:173,1
DA:174,1
DA:175,1
DA:176,183
DA:177,1
DA:178,1
DA:179,183
DA:180,1
DA:181,1
DA:182,1
DA:183,40
DA:184,40
DA:185,1
DA:186,40
DA:187,1
DA:188,1
DA:189,0
DA:190,0
DA:191,143
DA:192,1
DA:193,1
DA:194,0
DA:195,1
DA:196,1
DA:197,1
DA:198,1
DA:199,1
DA:200,1
DA:201,1
DA:202,1
DA:203,1
DA:204,0
DA:205,0
DA:206,0
DA:207,0
DA:208,1
DA:209,1
DA:210,1
DA:211,1
DA:212,412
DA:213,412
DA:214,412
DA:215,0
DA:216,1
DA:217,1
DA:218,1
DA:219,1
DA:220,55
DA:221,55
DA:222,1
DA:223,55
DA:224,0
DA:225,1
DA:226,55
DA:227,1
DA:228,1
DA:229,1
DA:230,1
DA:231,66
DA:232,66
DA:233,1
DA:234,0
DA:235,1
DA:236,1
DA:237,1
DA:238,1
DA:239,1
DA:240,1
DA:241,0
DA:242,1
DA:243,66
DA:244,1
DA:245,1
DA:246,1
DA:247,1
DA:248,623
DA:249,623
DA:250,623
DA:251,1
DA:252,623
DA:253,623
DA:254,0
DA:255,0
DA:256,1
DA:257,0
DA:258,623
DA:259,623
DA:260,1
DA:261,1
DA:262,1
DA:263,165
DA:264,165
DA:265,0
DA:266,0
DA:267,1
DA:268,1
DA:269,1
DA:270,1
DA:271,0
DA:272,1
DA:273,1
DA:274,0
DA:275,623
DA:276,1
DA:277,1
DA:278,1
DA:279,0
DA:280,0
DA:281,1
DA:282,1
DA:283,1
DA:284,1
DA:285,1
DA:286,1
DA:287,1
DA:288,1
DA:289,1
DA:290,1
DA:291,4
DA:292,1
DA:293,1
DA:294,1
DA:295,4
DA:296,0
DA:297,4
DA:298,0
DA:299,1
DA:300,4
DA:301,1
DA:302,2
DA:303,1
DA:304,1
DA:305,4
DA:306,1
DA:307,3
DA:308,3
DA:309,1
DA:310,1
DA:311,1
DA:312,1
DA:313,4
DA:314,0
DA:315,0
DA:316,1
DA:317,1
DA:318,1
DA:319,1
DA:320,1
DA:321,1
DA:322,1
DA:323,1
DA:324,4
DA:325,1
DA:326,1
DA:327,1
DA:328,1
DA:329,4
DA:330,1
DA:331,1
DA:332,1
DA:333,1
DA:334,1
DA:335,1
DA:336,1
DA:337,1
DA:338,1
DA:339,4
DA:340,1
DA:341,1
DA:342,1
DA:343,0
DA:344,1
DA:345,1
DA:346,1
DA:347,4
DA:348,1
DA:349,1
DA:350,1
DA:351,1
DA:352,1
DA:353,744
DA:354,744
DA:355,744
DA:356,744
DA:357,744
DA:358,744
DA:359,0
DA:360,0
DA:361,0
DA:362,0
DA:363,0
DA:364,1
DA:365,1
DA:366,389
DA:367,2
DA:368,1
DA:369,0
DA:370,3
DA:371,3
DA:372,1
DA:373,1
DA:374,1
DA:375,0
DA:376,387
DA:377,387
DA:378,477
DA:379,477
DA:380,537
DA:381,537
DA:382,537
DA:383,196
DA:384,8
DA:385,3
DA:386,1
DA:387,1
DA:388,0
DA:389,1
DA:390,32
DA:391,1
DA:392,1
DA:393,1
DA:394,1
DA:395,1
DA:396,1
DA:397,0
DA:398,13
DA:399,1
DA:400,1
DA:401,156
DA:402,96
DA:403,1
DA:404,1
DA:405,1
DA:406,365
DA:407,365
DA:408,1
DA:409,1
DA:410,1
DA:411,1
DA:412,744
DA:413,33
DA:414,33
DA:415,33
DA:416,1
DA:417,33
DA:418,33
DA:419,0
DA:420,1
DA:421,1
DA:422,1
DA:423,744
DA:424,9
DA:425,1
DA:426,1
DA:427,744
DA:428,9
DA:429,1
DA:430,1
DA:431,744
DA:432,2
DA:433,2
DA:434,2
DA:435,8
DA:436,3
DA:437,1
DA:438,1
DA:439,1
DA:440,1
DA:441,1
DA:442,744
DA:443,1
DA:444,1
LF:381
LH:313
end_of_record
TN:
SF:/Users/richard/Projects/seneca/mem-store/dist/lib/common.js
DA:1,1
DA:2,1
DA:3,1
DA:4,1
DA:5,1
DA:6,1
DA:7,0
DA:8,15
DA:9,1
DA:10,0
DA:11,1
DA:12,15
DA:13,1
DA:14,1
DA:15,0
DA:16,0
DA:17,0
DA:18,1
DA:19,0
DA:20,1
DA:21,0
DA:22,1
DA:23,1
DA:24,17
DA:25,1
DA:26,1
DA:27,1
DA:28,1
LF:25
LH:18
end_of_record
