TN:
SF:/Users/richard/Projects/seneca/mem-store/mem-store.js
DA:1,1
DA:2,1
DA:3,1
DA:4,1
DA:5,1
DA:6,1
DA:7,1
DA:8,1
DA:9,1
DA:10,1
DA:11,1
DA:12,1
DA:13,1
DA:14,1
DA:15,1
DA:16,1
DA:17,3
DA:18,1
DA:19,3
DA:20,1
DA:21,1
DA:22,3
DA:23,1
DA:24,1
DA:25,1
DA:26,1
DA:27,1
DA:28,1
DA:29,1
DA:30,1
DA:31,1
DA:32,1
DA:33,1
DA:34,1
DA:35,1
DA:36,1
DA:37,1
DA:38,3
DA:39,1
DA:40,1
DA:41,1
DA:42,1
DA:43,3
DA:44,1
DA:45,1
DA:46,1
DA:47,3
DA:48,1
DA:49,1
DA:50,1
DA:51,1
DA:52,1
DA:53,1
DA:54,1
DA:55,1
DA:56,158
DA:57,1
DA:58,1
DA:59,1
DA:60,1
DA:61,158
DA:62,158
DA:63,158
DA:64,158
DA:65,1
DA:66,1
DA:67,1
DA:68,1
DA:69,158
DA:70,158
DA:71,148
DA:72,1
DA:73,10
DA:74,1
DA:75,1
DA:76,1
DA:77,1
DA:78,1
DA:79,158
DA:80,1
DA:81,158
DA:82,148
DA:83,1
DA:84,1
DA:85,158
DA:86,1
DA:87,158
DA:88,158
DA:89,1
DA:90,158
DA:91,0
DA:92,0
DA:93,1
DA:94,1
DA:95,1
DA:96,1
DA:97,158
DA:98,158
DA:99,1
DA:100,1
DA:101,158
DA:102,4
DA:103,1
DA:104,1
DA:105,158
DA:106,158
DA:107,153
DA:108,1
DA:109,158
DA:110,1
DA:111,158
DA:112,0
DA:113,0
DA:114,1
DA:115,1
DA:116,1
DA:117,0
DA:118,1
DA:119,1
DA:120,158
DA:121,1
DA:122,1
DA:123,1
DA:124,1
DA:125,1
DA:126,148
DA:127,1
DA:128,1
DA:129,1
DA:130,148
DA:131,1
DA:132,1
DA:133,1
DA:134,38
DA:135,38
DA:136,1
DA:137,1
DA:138,38
DA:139,1
DA:140,1
DA:141,1
DA:142,0
DA:143,1
DA:144,0
DA:145,110
DA:146,1
DA:147,0
DA:148,1
DA:149,1
DA:150,1
DA:151,1
DA:152,1
DA:153,1
DA:154,1
DA:155,1
DA:156,1
DA:157,1
DA:158,0
DA:159,0
DA:160,0
DA:161,1
DA:162,1
DA:163,1
DA:164,1
DA:165,1
DA:166,1
DA:167,1
DA:168,52
DA:169,1
DA:170,52
DA:171,1
DA:172,1
DA:173,52
DA:174,0
DA:175,1
DA:176,1
DA:177,52
DA:178,1
DA:179,1
DA:180,1
DA:181,1
DA:182,1
DA:183,46
DA:184,1
DA:185,46
DA:186,1
DA:187,0
DA:188,1
DA:189,1
DA:190,1
DA:191,1
DA:192,1
DA:193,1
DA:194,0
DA:195,1
DA:196,1
DA:197,46
DA:198,1
DA:199,1
DA:200,1
DA:201,1
DA:202,1
DA:203,121
DA:204,121
DA:205,121
DA:206,1
DA:207,1
DA:208,121
DA:209,1
DA:210,121
DA:211,0
DA:212,0
DA:213,1
DA:214,1
DA:215,0
DA:216,121
DA:217,1
DA:218,121
DA:219,1
DA:220,1
DA:221,1
DA:222,1
DA:223,132
DA:224,1
DA:225,132
DA:226,0
DA:227,0
DA:228,1
DA:229,1
DA:230,1
DA:231,1
DA:232,0
DA:233,1
DA:234,1
DA:235,1
DA:236,0
DA:237,1
DA:238,121
DA:239,1
DA:240,1
DA:241,1
DA:242,1
DA:243,0
DA:244,0
DA:245,1
DA:246,1
DA:247,1
DA:248,1
DA:249,1
DA:250,1
DA:251,1
DA:252,1
DA:253,1
DA:254,1
DA:255,1
DA:256,1
DA:257,3
DA:258,1
DA:259,1
DA:260,1
DA:261,1
DA:262,3
DA:263,1
DA:264,0
DA:265,1
DA:266,3
DA:267,0
DA:268,1
DA:269,1
DA:270,3
DA:271,1
DA:272,1
DA:273,2
DA:274,1
DA:275,1
DA:276,1
DA:277,3
DA:278,1
DA:279,3
DA:280,3
DA:281,1
DA:282,1
DA:283,1
DA:284,1
DA:285,1
DA:286,3
DA:287,0
DA:288,0
DA:289,1
DA:290,1
DA:291,1
DA:292,1
DA:293,1
DA:294,1
DA:295,1
DA:296,1
DA:297,1
DA:298,3
DA:299,1
DA:300,1
DA:301,1
DA:302,1
DA:303,1
DA:304,3
DA:305,1
DA:306,1
DA:307,1
DA:308,1
DA:309,1
DA:310,1
DA:311,1
DA:312,1
DA:313,1
DA:314,1
DA:315,1
DA:316,3
DA:317,1
DA:318,1
DA:319,1
DA:320,0
DA:321,1
DA:322,1
DA:323,1
DA:324,1
DA:325,3
DA:326,1
DA:327,1
DA:328,1
DA:329,1
DA:330,1
DA:331,1
DA:332,219
DA:333,1
DA:334,219
DA:335,219
DA:336,219
DA:337,1
DA:338,219
DA:339,219
DA:340,1
DA:341,0
DA:342,211
DA:343,1
DA:344,0
DA:345,1
DA:346,1
DA:347,210
DA:348,2
DA:349,1
DA:350,0
DA:351,3
DA:352,3
DA:353,1
DA:354,1
DA:355,0
DA:356,1
DA:357,208
DA:358,208
DA:359,1
DA:360,392
DA:361,392
DA:362,481
DA:363,481
DA:364,1
DA:365,481
DA:366,173
DA:367,8
DA:368,3
DA:369,1
DA:370,0
DA:371,1
DA:372,1
DA:373,0
DA:374,1
DA:375,0
DA:376,1
DA:377,0
DA:378,1
DA:379,1
DA:380,0
DA:381,1
DA:382,1
DA:383,8
DA:384,1
DA:385,1
DA:386,149
DA:387,93
DA:388,1
DA:389,1
DA:390,1
DA:391,288
DA:392,288
DA:393,1
DA:394,1
DA:395,1
DA:396,1
DA:397,1
DA:398,219
DA:399,33
DA:400,33
DA:401,1
DA:402,1
DA:403,33
DA:404,33
DA:405,0
DA:406,1
DA:407,1
DA:408,1
DA:409,1
DA:410,219
DA:411,9
DA:412,1
DA:413,1
DA:414,1
DA:415,219
DA:416,9
DA:417,1
DA:418,1
DA:419,1
DA:420,219
DA:421,2
DA:422,2
DA:423,2
DA:424,8
DA:425,3
DA:426,1
DA:427,1
DA:428,1
DA:429,1
DA:430,1
DA:431,1
DA:432,219
DA:433,1
DA:434,1
LF:300
LH:262
end_of_record
